<?xml version="1.0" encoding="UTF-8"?>
<!-- Generated by org.testng.reporters.JUnitXMLReporter -->
<testsuite hostname="DESKTOP-5I8QE3D" failures="0" tests="9" name="Default test" time="101.999" errors="0" timestamp="27 Nov 2022 13:15:29 GMT">
  <testcase classname="tatacliq.tatacliq" name="test_case_1" time="1.66"/>
  <testcase classname="tatacliq.tatacliq" name="test_case_2" time="9.445"/>
  <testcase classname="tatacliq.tatacliq" name="test_case_3" time="7.956"/>
  <testcase classname="tatacliq.tatacliq" name="test_case_4" time="12.887"/>
  <testcase classname="tatacliq.tatacliq" name="test_case_5" time="10.232"/>
  <testcase classname="tatacliq.tatacliq" name="test_case_6" time="12.297"/>
  <testcase classname="tatacliq.tatacliq" name="test_case_7" time="13.573"/>
  <testcase classname="tatacliq.tatacliq" name="test_case_8" time="0.37"/>
  <testcase classname="tatacliq.tatacliq" name="test_case_9" time="4.485"/>
</testsuite> <!-- Default test -->
