<?xml version="1.0" encoding="UTF-8"?>
<testng-results total="9" passed="9" failed="0" skipped="0">
  <reporter-output>
  </reporter-output>
  <suite started-at="2022-11-28T08:09:27Z" name="Surefire suite" finished-at="2022-11-28T08:13:14Z" duration-ms="227800">
    <groups>
    </groups>
    <test started-at="2022-11-28T08:09:27Z" name="Surefire test" finished-at="2022-11-28T08:13:14Z" duration-ms="227800">
      <class name="tatacliq.tatacliq">
        <test-method is-config="true" signature="beforetest()[pri:0, instance:tatacliq.tatacliq@233795b6]" started-at="2022-11-28T13:39:27Z" name="beforetest" finished-at="2022-11-28T13:41:57Z" duration-ms="150405" status="PASS">
          <reporter-output>
          </reporter-output>
        </test-method> <!-- beforetest -->
        <test-method signature="test_case_1()[pri:0, instance:tatacliq.tatacliq@233795b6]" started-at="2022-11-28T13:41:57Z" name="test_case_1" finished-at="2022-11-28T13:41:58Z" duration-ms="1155" status="PASS">
          <reporter-output>
          </reporter-output>
        </test-method> <!-- test_case_1 -->
        <test-method signature="test_case_2()[pri:1, instance:tatacliq.tatacliq@233795b6]" started-at="2022-11-28T13:41:58Z" name="test_case_2" finished-at="2022-11-28T13:42:11Z" duration-ms="12340" status="PASS">
          <reporter-output>
          </reporter-output>
        </test-method> <!-- test_case_2 -->
        <test-method signature="test_case_3()[pri:2, instance:tatacliq.tatacliq@233795b6]" started-at="2022-11-28T13:42:11Z" name="test_case_3" finished-at="2022-11-28T13:42:18Z" duration-ms="7179" status="PASS">
          <reporter-output>
          </reporter-output>
        </test-method> <!-- test_case_3 -->
        <test-method signature="test_case_4()[pri:3, instance:tatacliq.tatacliq@233795b6]" started-at="2022-11-28T13:42:18Z" name="test_case_4" finished-at="2022-11-28T13:42:25Z" duration-ms="6819" status="PASS">
          <reporter-output>
          </reporter-output>
        </test-method> <!-- test_case_4 -->
        <test-method signature="test_case_5()[pri:4, instance:tatacliq.tatacliq@233795b6]" started-at="2022-11-28T13:42:25Z" name="test_case_5" finished-at="2022-11-28T13:42:32Z" duration-ms="7492" status="PASS">
          <reporter-output>
          </reporter-output>
        </test-method> <!-- test_case_5 -->
        <test-method signature="test_case_6()[pri:5, instance:tatacliq.tatacliq@233795b6]" started-at="2022-11-28T13:42:32Z" name="test_case_6" finished-at="2022-11-28T13:42:41Z" duration-ms="9203" status="PASS">
          <reporter-output>
          </reporter-output>
        </test-method> <!-- test_case_6 -->
        <test-method signature="test_case_7()[pri:6, instance:tatacliq.tatacliq@233795b6]" started-at="2022-11-28T13:42:41Z" name="test_case_7" finished-at="2022-11-28T13:43:09Z" duration-ms="27282" status="PASS">
          <reporter-output>
          </reporter-output>
        </test-method> <!-- test_case_7 -->
        <test-method signature="test_case_8()[pri:7, instance:tatacliq.tatacliq@233795b6]" started-at="2022-11-28T13:43:09Z" name="test_case_8" finished-at="2022-11-28T13:43:09Z" duration-ms="607" status="PASS">
          <reporter-output>
          </reporter-output>
        </test-method> <!-- test_case_8 -->
        <test-method signature="test_case_9()[pri:8, instance:tatacliq.tatacliq@233795b6]" started-at="2022-11-28T13:43:09Z" name="test_case_9" finished-at="2022-11-28T13:43:13Z" duration-ms="4074" status="PASS">
          <reporter-output>
          </reporter-output>
        </test-method> <!-- test_case_9 -->
        <test-method is-config="true" signature="aftertest()[pri:0, instance:tatacliq.tatacliq@233795b6]" started-at="2022-11-28T13:43:13Z" name="aftertest" finished-at="2022-11-28T13:43:14Z" duration-ms="1210" status="PASS">
          <reporter-output>
          </reporter-output>
        </test-method> <!-- aftertest -->
      </class> <!-- tatacliq.tatacliq -->
    </test> <!-- Surefire test -->
  </suite> <!-- Surefire suite -->
</testng-results>
